<?xml version="1.0" encoding="utf-8"?><testsuite errors="0" failures="0" name="pytest" skips="0" tests="11" time="0.624"><testcase classname="tests.test_packages" file="tests/test_packages.py" line="0" name="test_pkg_python" time="0.3342440128326416"></testcase><testcase classname="tests.test_packages" file="tests/test_packages.py" line="5" name="test_pkg_postgres" time="0.011261463165283203"></testcase><testcase classname="tests.test_postgres" file="tests/test_postgres.py" line="3" name="test_postgres_service_enabled_and_running" time="0.03329777717590332"></testcase><testcase classname="tests.test_postgres" file="tests/test_postgres.py" line="9" name="test_postgres_port_and_localhost_active" time="0.009832143783569336"></testcase><testcase classname="tests.test_postgres" file="tests/test_postgres.py" line="22" name="test_postgresql_user_present_in_passwd" time="0.022647619247436523"></testcase><testcase classname="tests.test_postgres" file="tests/test_postgres.py" line="30" name="test_postgresql_user_present" time="0.03935599327087402"></testcase><testcase classname="tests.test_sonar" file="tests/test_sonar.py" line="2" name="test_sonar_user_present_in_passwd" time="0.021310091018676758"></testcase><testcase classname="tests.test_sonar" file="tests/test_sonar.py" line="10" name="test_port_9000_active" time="0.00653076171875"></testcase><testcase classname="tests.test_sonar" file="tests/test_sonar.py" line="15" name="test_sonar_user_present" time="0.02686786651611328"></testcase><testcase classname="tests.test_sonar" file="tests/test_sonar.py" line="25" name="test_sonar_folders_present" time="0.007573127746582031"></testcase><testcase classname="tests.test_sonar" file="tests/test_sonar.py" line="31" name="test_sonar_symlink_present" time="0.019243955612182617"></testcase></testsuite>