<?xml version="1.0" encoding="utf-8"?><testsuite errors="0" failures="2" name="pytest" skips="0" tests="3" time="0.182"><testcase classname="tests.test_postgres" file="tests/test_postgres.py" line="0" name="test_postgres_service[local]" time="0.0520799160004"><failure message="NotImplementedError">host = &lt;testinfra.host.Host object at 0x107d7ce90&gt;

    def test_postgres_service(host):
&gt;       postgres = host.service(&quot;postgresql&quot;)

tests/test_postgres.py:2: 
_ _ _ _ _ _ _ _ _ _ _ _ _ _ _ _ _ _ _ _ _ _ _ _ _ _ _ _ _ _ _ _ _ _ _ _ _ _ _ _ 
../../.virtualenvs/testinfra2/lib/python2.7/site-packages/testinfra/host.py:91: in __getattr__
    obj = module_class.get_module(self)
../../.virtualenvs/testinfra2/lib/python2.7/site-packages/testinfra/modules/base.py:22: in get_module
    klass = cls.get_module_class(_host)
_ _ _ _ _ _ _ _ _ _ _ _ _ _ _ _ _ _ _ _ _ _ _ _ _ _ _ _ _ _ _ _ _ _ _ _ _ _ _ _ 

cls = &lt;class &apos;testinfra.modules.service.Service&apos;&gt;
host = &lt;testinfra.host.Host object at 0x107d7ce90&gt;

    @classmethod
    def get_module_class(cls, host):
        if host.system_info.type == &quot;linux&quot;:
            if (
                host.exists(&quot;systemctl&quot;)
                and &quot;systemd&quot; in host.file(&quot;/sbin/init&quot;).linked_to
            ):
                return SystemdService
            elif (host.exists(&quot;initctl&quot;)
                    and host.exists(&apos;status&apos;)
                    and host.file(&apos;/etc/init&apos;).is_directory):
                return UpstartService
            return SysvService
        elif host.system_info.type == &quot;freebsd&quot;:
            return FreeBSDService
        elif host.system_info.type == &quot;openbsd&quot;:
            return OpenBSDService
        elif host.system_info.type == &quot;netbsd&quot;:
            return NetBSDService
&gt;       raise NotImplementedError
E       NotImplementedError

../../.virtualenvs/testinfra2/lib/python2.7/site-packages/testinfra/modules/service.py:66: NotImplementedError</failure><system-err>INFO:testinfra:RUN CommandResult(command=&apos;uname -s&apos;, exit_status=0, stdout=&apos;Darwin\n&apos;, stderr=None)
INFO:testinfra:RUN CommandResult(command=&apos;sw_vers&apos;, exit_status=0, stdout=&apos;ProductName:\tMac OS X\nProductVersion:\t10.12.6\nBuildVersion:\t16G29\n&apos;, stderr=None)
</system-err></testcase><testcase classname="tests.test_sonar" file="tests/test_sonar.py" line="0" name="test_sonar_user[local]" time="0.027911901474"><system-err>INFO:testinfra:RUN CommandResult(command=&apos;test -f /etc/passwd&apos;, exit_status=0, stdout=None, stderr=None)
INFO:testinfra:RUN CommandResult(command=&apos;stat -f %Su /etc/passwd&apos;, exit_status=0, stdout=&apos;root\n&apos;, stderr=None)
INFO:testinfra:RUN CommandResult(command=&apos;stat -f %Sg /etc/passwd&apos;, exit_status=0, stdout=&apos;wheel\n&apos;, stderr=None)
</system-err></testcase><testcase classname="tests.test_sonar" file="tests/test_sonar.py" line="8" name="test_port_9000[local]" time="0.00747990608215"><failure message="NotImplementedError">host = &lt;testinfra.host.Host object at 0x107d7ce90&gt;

    def test_port_9000(host):
&gt;       socket = host.socket(&quot;tcp://0.0.0.0:9000&quot;)

tests/test_sonar.py:10: 
_ _ _ _ _ _ _ _ _ _ _ _ _ _ _ _ _ _ _ _ _ _ _ _ _ _ _ _ _ _ _ _ _ _ _ _ _ _ _ _ 
../../.virtualenvs/testinfra2/lib/python2.7/site-packages/testinfra/host.py:91: in __getattr__
    obj = module_class.get_module(self)
../../.virtualenvs/testinfra2/lib/python2.7/site-packages/testinfra/modules/base.py:22: in get_module
    klass = cls.get_module_class(_host)
_ _ _ _ _ _ _ _ _ _ _ _ _ _ _ _ _ _ _ _ _ _ _ _ _ _ _ _ _ _ _ _ _ _ _ _ _ _ _ _ 

cls = &lt;class &apos;testinfra.modules.socket.Socket&apos;&gt;
host = &lt;testinfra.host.Host object at 0x107d7ce90&gt;

    @classmethod
    def get_module_class(cls, host):
        if host.system_info.type == &quot;linux&quot;:
            return LinuxSocket
        elif host.system_info.type.endswith(&quot;bsd&quot;):
            return BSDSocket
        else:
&gt;           raise NotImplementedError
E           NotImplementedError

../../.virtualenvs/testinfra2/lib/python2.7/site-packages/testinfra/modules/socket.py:196: NotImplementedError</failure></testcase></testsuite>