<?xml version="1.0" encoding="utf-8"?><testsuite errors="0" failures="0" name="pytest" skips="0" tests="10" time="0.633"><testcase classname="tests.test_packages" file="tests/test_packages.py" line="0" name="test_pkg_python" time="0.30303311347961426"></testcase><testcase classname="tests.test_packages" file="tests/test_packages.py" line="5" name="test_pkg_postgres" time="0.011583089828491211"></testcase><testcase classname="tests.test_postgres" file="tests/test_postgres.py" line="3" name="test_postgres_service_enabled_and_running" time="0.020022869110107422"></testcase><testcase classname="tests.test_postgres" file="tests/test_postgres.py" line="9" name="test_postgres_port_and_localhost_active" time="0.008916854858398438"></testcase><testcase classname="tests.test_postgres" file="tests/test_postgres.py" line="22" name="test_postgresql_user_present_in_passwd" time="0.017850875854492188"></testcase><testcase classname="tests.test_postgres" file="tests/test_postgres.py" line="30" name="test_postgresql_user_present" time="0.023111581802368164"></testcase><testcase classname="tests.test_sonar" file="tests/test_sonar.py" line="0" name="test_sonar_user_present_in_passwd" time="0.015852928161621094"></testcase><testcase classname="tests.test_sonar" file="tests/test_sonar.py" line="8" name="test_port_9000_active" time="0.005899906158447266"></testcase><testcase classname="tests.test_sonar" file="tests/test_sonar.py" line="13" name="test_sonar_user_present" time="0.019442081451416016"></testcase><testcase classname="tests.test_sonar" file="tests/test_sonar.py" line="23" name="test_sonar_folders_present" time="0.006579875946044922"></testcase></testsuite>