<?xml version="1.0" encoding="utf-8"?><testsuite errors="0" failures="0" name="pytest" skips="0" tests="5" time="0.440"><testcase classname="tests.test_postgres" file="tests/test_postgres.py" line="0" name="test_postgres_service" time="0.37036919593811035"></testcase><testcase classname="tests.test_postgres" file="tests/test_postgres.py" line="6" name="test_postgres_port_and_localhost" time="0.006274700164794922"></testcase><testcase classname="tests.test_postgres" file="tests/test_postgres.py" line="12" name="test_postgresql_user" time="0.015402555465698242"></testcase><testcase classname="tests.test_sonar" file="tests/test_sonar.py" line="0" name="test_sonar_user" time="0.013141393661499023"></testcase><testcase classname="tests.test_sonar" file="tests/test_sonar.py" line="8" name="test_port_9000" time="0.006384849548339844"></testcase></testsuite>